<?xml version="1.0" encoding="UTF-8"?>
<!-- Generated by org.testng.reporters.JUnitXMLReporter -->
<testsuite ignored="0" hostname="DESKTOP-LGKD9GQ" failures="0" tests="3" name="Test" time="7.415" errors="0" timestamp="2022-12-01T00:11:44 IST">
  <testcase classname="com.testng.Amazon_TestNGParameter4BaseCO_WDM" name="select_from_dropdown" time="1.006"/>
  <testcase classname="com.testng.Amazon_TestNGParameter4BaseCO_WDM" name="send_the_value" time="2.107"/>
  <testcase classname="com.testng.Amazon_TestNGParameter4BaseCO_WDM" name="find_the_exact_searchvalue_in_the_suggestion_click" time="0.482"/>
</testsuite> <!-- Test -->
